\BOOKMARK [0][-]{chapter*.2}{\376\377\000\332\000v\000o\000d}{}
\BOOKMARK [0][-]{chapter.1}{\376\377\000P\000o\000l\000a\000r\000i\000z\000a\000c\000e}{}
\BOOKMARK [1][-]{section.1.1}{\376\377\000J\000o\000n\000e\000s\000o\000v\000y\000\040\000v\000e\000k\000t\000o\000r\000y\000\040\000a\000\040\000m\000a\000t\000i\000c\000e}{chapter.1}
\BOOKMARK [1][-]{section.1.2}{\376\377\000I\000n\000t\000e\000r\000a\000k\000c\000e\000\040\000s\000e\000\040\000v\000z\000o\000r\000k\000e\000m}{chapter.1}
\BOOKMARK [0][-]{chapter.2}{\376\377\000E\000M\000\040\000v\000l\000n\000y\000\040\000v\000\040\000a\000n\000i\000z\000o\000t\000r\000o\000p\000n\000\355\000m\000\040\000p\000r\000o\000s\000t\001\131\000e\000d\000\355}{}
\BOOKMARK [1][-]{section.2.1}{\376\377\000V\000l\000n\000o\000v\000\341\000\040\000r\000o\000v\000n\000i\000c\000e\000\040\000v\000\040\000a\000n\000i\000z\000o\000t\000r\000o\000p\000n\000\355\000m\000\040\000p\000r\000o\000s\000t\001\131\000e\000d\000\355}{chapter.2}
\BOOKMARK [1][-]{section.2.2}{\376\377\001\140\000\355\001\131\000e\000n\000\355\000\040\000s\000v\001\033\000t\000l\000a\000\040\000p\000o\000d\000\351\000l\000\040\000v\000e\000k\000t\000o\000r\000u\000\040\000m\000a\000g\000n\000e\000t\000i\000z\000a\000c\000e}{chapter.2}
\BOOKMARK [1][-]{section.2.3}{\376\377\000M\000a\000g\000n\000e\000t\000i\000c\000k\000\351\000\040\000m\000u\000l\000t\000i\000v\000r\000s\000t\000v\000y}{chapter.2}
\BOOKMARK [1][-]{section.2.4}{\376\377\000J\000e\000d\000n\000o\000d\000u\000c\000h\000\341\000\040\000v\000r\000s\000t\000v\000a}{chapter.2}
\BOOKMARK [0][-]{chapter.3}{\376\377\000E\000x\000p\000e\000r\000i\000m\000e\000n\000t\000\341\000l\000n\000\355\000\040\000m\000e\000t\000o\000d\000y}{}
\BOOKMARK [1][-]{section.3.1}{\376\377\000M\000e\000t\000o\000d\000a\000\040\000t\000\351\000m\001\033\001\131\000\040\000z\000k\001\131\000\355\001\176\000e\000n\000\375\000c\000h\000\040\000p\000o\000l\000a\000r\000i\000z\000\341\000t\000o\000r\001\157}{chapter.3}
\BOOKMARK [2][-]{subsection.3.1.1}{\376\377\000T\000e\000o\000r\000i\000e}{section.3.1}
\BOOKMARK [2][-]{subsection.3.1.2}{\376\377\000P\000o\000u\001\176\000i\000t\000\341\000\040\000z\000a\001\131\000\355\000z\000e\000n\000\355}{section.3.1}
\BOOKMARK [2][-]{subsection.3.1.3}{\376\377\000P\000r\001\157\000b\001\033\000h\000\040\000m\001\033\001\131\000e\000n\000\355}{section.3.1}
\BOOKMARK [1][-]{section.3.2}{\376\377\000M\000o\000d\000u\000l\000a\001\015\000n\000\355\000\040\000m\000e\000t\000o\000d\000a}{chapter.3}
\BOOKMARK [2][-]{subsection.3.2.1}{\376\377\000Z\000a\001\131\000\355\000z\000e\000n\000\355}{section.3.2}
\BOOKMARK [2][-]{subsection.3.2.2}{\376\377\000O\000v\000l\000\341\000d\000a\000c\000\355\000\040\000p\000r\000o\000g\000r\000a\000m\000\040\000K\000e\000r\000r\0002}{section.3.2}
\BOOKMARK [0][-]{chapter.4}{\376\377\000D\000o\000s\000a\001\176\000e\000n\000\351\000\040\000v\000\375\000s\000l\000e\000d\000k\000y}{}
\BOOKMARK [1][-]{section.4.1}{\376\377\000U\000l\000t\000r\000a\000t\000e\000n\000k\000\351\000\040\000v\000r\000s\000t\000v\000y\000\040\000L\000a\0002\000/\0003\000S\000r\0001\000/\0003\000M\000n\000O\0003}{chapter.4}
\BOOKMARK [1][-]{section.4.2}{\376\377\000K\000o\000b\000a\000l\000t\000o\000v\000\351\000\040\000f\000e\000r\000i\000t\000o\000v\000\351\000\040\000t\000e\000n\000k\000\351\000\040\000v\000r\000s\000t\000v\000y}{chapter.4}
\BOOKMARK [1][-]{section.4.3}{\376\377\000H\000e\000u\000s\000l\000e\000r\000o\000v\000y\000\040\000s\000l\000i\000t\000i\000n\000y}{chapter.4}
\BOOKMARK [0][-]{chapter*.5}{\376\377\000Z\000\341\000v\001\033\000r}{}
\BOOKMARK [0][-]{chapter*.6}{\376\377\000S\000e\000z\000n\000a\000m\000\040\000p\000o\000u\001\176\000i\000t\000\351\000\040\000l\000i\000t\000e\000r\000a\000t\000u\000r\000y}{}
